<?xml version="1.0" encoding="UTF-8" ?>
<testsuite tests="48" failures="8" name="TestRunner2" time="1,079.326" errors="0" skipped="9">
  <properties>
[...]
</properties>
  <testcase classname="| superadmin | UAT_RL1 |" name="Given I Login to catalyst using &quot;superadmin&quot; access credentials" time="0.002"/>
  <testcase classname="| superadmin | UAT_RL1 |" name="And I see the catalyst &quot;workzone&quot;" time="0"/>
  <testcase classname="| superadmin | UAT_RL1 |" name="And I click on the Settings Link" time="0"/>
  <testcase classname="| superadmin | UAT_RL1 |" name="And I click on Organizations link in main page" time="0"/>
  <testcase classname="| superadmin | UAT_RL1 |" name="And I click on &quot;newOrg&quot; button" time="0"/>
  <testcase classname="| superadmin | UAT_RL1 |" name="And I enter &quot;UAT_RL1&quot; in &quot;orgname&quot; Edit box" time="0"/>
  <testcase classname="| superadmin | UAT_RL1 |" name="And I click on save button" time="0"/>
  <testcase classname="| superadmin | UAT_RL1 |" name="And I verify the created &quot;UAT_RL1&quot; in list" time="0"/>
  <testcase classname="| superadmin | UAT_RL1 |" name="| superadmin | UAT_RL1 |" time="0.009"/>
  <testcase classname="| Cat_Chef_Server | mycatqa | https://api.opscode.com/organizations/cattest | UAT_RL1 |" name="And I click on &quot;Config Setup&quot; link" time="0"/>
  <testcase classname="| Cat_Chef_Server | mycatqa | https://api.opscode.com/organizations/cattest | UAT_RL1 |" name="And I click on &quot;Chef Server&quot; link" time="0"/>
  <testcase classname="| Cat_Chef_Server | mycatqa | https://api.opscode.com/organizations/cattest | UAT_RL1 |" name="And I click on &quot;newConfig&quot; button" time="0"/>
  <testcase classname="| Cat_Chef_Server | mycatqa | https://api.opscode.com/organizations/cattest | UAT_RL1 |" name="And I enter &quot;Cat_Chef_Server&quot; in &quot;configname&quot; Edit box" time="0"/>
  <testcase classname="| Cat_Chef_Server | mycatqa | https://api.opscode.com/organizations/cattest | UAT_RL1 |" name="And I enter &quot;mycatqa&quot; in &quot;loginname&quot; Edit box" time="0"/>
  <testcase classname="| Cat_Chef_Server | mycatqa | https://api.opscode.com/organizations/cattest | UAT_RL1 |" name="And I enter &quot;https://api.opscode.com/organizations/cattest&quot; in &quot;url&quot; Edit box" time="0.001"/>
  <testcase classname="| Cat_Chef_Server | mycatqa | https://api.opscode.com/organizations/cattest | UAT_RL1 |" name="And I select &quot;UAT_RL1&quot; from the select box" time="0"/>
  <testcase classname="| Cat_Chef_Server | mycatqa | https://api.opscode.com/organizations/cattest | UAT_RL1 |" name="And I click on user pem file browse button" time="0"/>
  <testcase classname="| Cat_Chef_Server | mycatqa | https://api.opscode.com/organizations/cattest | UAT_RL1 |" name="And I click on knife file browse button" time="0.001"/>
  <testcase classname="| Cat_Chef_Server | mycatqa | https://api.opscode.com/organizations/cattest | UAT_RL1 |" name="And I click on save button" time="0.001"/>
  <testcase classname="| Cat_Chef_Server | mycatqa | https://api.opscode.com/organizations/cattest | UAT_RL1 |" name="And I verify created &quot;Cat_Chef_Server&quot; in chef server table" time="0.005">
    <failure type="junit.framework.AssertionFailedError">junit.framework.AssertionFailedError
	at junit.framework.Assert.fail(Assert.java:55)
	at junit.framework.Assert.assertTrue(Assert.java:22)
	at junit.framework.Assert.assertTrue(Assert.java:31)
	at com.rl.qa.views.ChefServerSetupViews.verifyChefServerName(ChefServerSetupViews.java:118)
	at com.rl.qa.steps.ChefServerSetupSteps.iVerifyCreatedInChefServerTable(ChefServerSetupSteps.java:125)
	at ✽.And I verify created &quot;Cat_Chef_Server&quot; in chef server table(src/test/resources/catalyst/settings/orgsetup/CreateEditDelEnvByCreatingNewEnv.feature:29)
</failure>
  </testcase>
  <testcase classname="| Cat_Chef_Server | mycatqa | https://api.opscode.com/organizations/cattest | UAT_RL1 |" name="| Cat_Chef_Server | mycatqa | https://api.opscode.com/organizations/cattest | UAT_RL1 |" time="0.006">
    <failure type="junit.framework.AssertionFailedError">junit.framework.AssertionFailedError
	at junit.framework.Assert.fail(Assert.java:55)
	at junit.framework.Assert.assertTrue(Assert.java:22)
	at junit.framework.Assert.assertTrue(Assert.java:31)
	at com.rl.qa.views.ChefServerSetupViews.verifyChefServerName(ChefServerSetupViews.java:118)
	at com.rl.qa.steps.ChefServerSetupSteps.iVerifyCreatedInChefServerTable(ChefServerSetupSteps.java:125)
	at ✽.And I verify created &quot;Cat_Chef_Server&quot; in chef server table(src/test/resources/catalyst/settings/orgsetup/CreateEditDelEnvByCreatingNewEnv.feature:29)
</failure>
  </testcase>
  <testcase classname="| UAT_RL1 | Cat_Chef_Server |" name="And I click on Environments link" time="0"/>
  <testcase classname="| UAT_RL1 | Cat_Chef_Server |" name="And I click on &quot;newENV&quot; button" time="0"/>
  <testcase classname="| UAT_RL1 | Cat_Chef_Server |" name="And I select &quot;UAT_RL1&quot; from the select box" time="0"/>
  <testcase classname="| UAT_RL1 | Cat_Chef_Server |" name="And I click on add chef environment button on create environment page" time="0"/>
  <testcase classname="| UAT_RL1 | Cat_Chef_Server |" name="And I enter  chef environment in &quot;chefenvname&quot; Edit box" time="0">
    <failure message="String index out of range: 240" type="junit.framework.AssertionFailedError">junit.framework.AssertionFailedError: String index out of range: 240
	at junit.framework.Assert.fail(Assert.java:57)
	at junit.framework.TestCase.fail(TestCase.java:227)
	at com.rl.qa.views.CreateEditDelEnvViews.enterRandomEnvName(CreateEditDelEnvViews.java:100)
	at com.rl.qa.steps.CreateEditDelEnvSteps.iEnterChefEnvironmentInEditBox(CreateEditDelEnvSteps.java:48)
	at ✽.And I enter  chef environment in &quot;chefenvname&quot; Edit box(src/test/resources/catalyst/settings/orgsetup/CreateEditDelEnvByCreatingNewEnv.feature:40)
</failure>
  </testcase>
  <testcase classname="| UAT_RL1 | Cat_Chef_Server |" name="| UAT_RL1 | Cat_Chef_Server |" time="0">
    <failure message="String index out of range: 240" type="junit.framework.AssertionFailedError">junit.framework.AssertionFailedError: String index out of range: 240
	at junit.framework.Assert.fail(Assert.java:57)
	at junit.framework.TestCase.fail(TestCase.java:227)
	at com.rl.qa.views.CreateEditDelEnvViews.enterRandomEnvName(CreateEditDelEnvViews.java:100)
	at com.rl.qa.steps.CreateEditDelEnvSteps.iEnterChefEnvironmentInEditBox(CreateEditDelEnvSteps.java:48)
	at ✽.And I enter  chef environment in &quot;chefenvname&quot; Edit box(src/test/resources/catalyst/settings/orgsetup/CreateEditDelEnvByCreatingNewEnv.feature:40)
</failure>
  </testcase>
  <testcase classname="| UAT_RL1 | Cat_Chef_Server |" name="And I click on save button" time="0.001">
    <skipped/>
  </testcase>
  <testcase classname="| UAT_RL1 | Cat_Chef_Server |" name="And I verify newly created &quot;environment&quot; in environments table" time="0.001">
    <skipped/>
  </testcase>
  <testcase classname="| UAT_RL1 | Cat_Chef_Server |" name="And I verify &quot;environment&quot; with assigned &quot;UAT_RL1&quot; in the environments table" time="0.002">
    <skipped/>
  </testcase>
  <testcase classname="| UAT_RL1 | Cat_Chef_Server |" name="And I verify &quot;environment&quot; with assigned &quot;Cat_Chef_Server&quot; in the environments table" time="0.002">
    <skipped/>
  </testcase>
  <testcase classname="| UAT_RL1 | Cat_Chef_Server |" name="And I select the &quot;envName&quot; and verify &quot;Edit&quot; Button is enabled in environments table" time="0.003">
    <skipped/>
  </testcase>
  <testcase classname="| UAT_RL1 | Cat_Chef_Server |" name="And I select the &quot;envName&quot; and verify &quot;Delete&quot; Button is enabled in environments table" time="0.003">
    <skipped/>
  </testcase>
  <testcase classname="| Cat_Chef_Server |" name="And I select the &quot;Cat_Chef_Server&quot; and click on corresponding &quot;Delete&quot; Button" time="0">
    <failure message="Unable to locate element: {&quot;method&quot;:&quot;xpath&quot;,&quot;selector&quot;:&quot;.//*[@id=&apos;envtable&apos;]//td[text()=&apos;Cat_Chef_Server&apos;]/following-sibling::td//*[@title=&apos;Delete&apos;]&quot;}
For documentation on this error, please visit: http://seleniumhq.org/exceptions/no_such_element.html
Build info: version: &apos;2.53.1&apos;, revision: &apos;a36b8b1&apos;, time: &apos;2016-06-30 17:37:03&apos;
System info: host: &apos;chef&apos;, ip: &apos;127.0.1.1&apos;, os.name: &apos;Linux&apos;, os.arch: &apos;i386&apos;, os.version: &apos;3.13.0-83-generic&apos;, java.version: &apos;1.8.0_74&apos;
Driver info: driver.version: unknown
Command duration or timeout: 40.31 seconds
For documentation on this error, please visit: http://seleniumhq.org/exceptions/no_such_element.html
Build info: version: &apos;2.53.1&apos;, revision: &apos;a36b8b1cd5757287168e54b817830adce9b0158d&apos;, time: &apos;2016-06-30 19:26:09&apos;
System info: host: &apos;RLE0372&apos;, ip: &apos;192.168.152.153&apos;, os.name: &apos;Windows 7&apos;, os.arch: &apos;amd64&apos;, os.version: &apos;6.1&apos;, java.version: &apos;1.8.0_91&apos;
Driver info: org.openqa.selenium.remote.RemoteWebDriver
Capabilities [{applicationCacheEnabled=true, rotatable=false, hasMetadata=true, databaseEnabled=true, handlesAlerts=true, version=45.0, platform=LINUX, nativeEvents=false, acceptSslCerts=true, webdriver.remote.sessionid=055ec6c3e6514a7e826a07fd7ed5a1d2, locationContextEnabled=true, webStorageEnabled=true, takesScreenshot=true, browserName=firefox, javascriptEnabled=true, cssSelectorsEnabled=true}]
Session ID: 055ec6c3e6514a7e826a07fd7ed5a1d2
*** Element info: {Using=xpath, value=.//*[@id=&apos;envtable&apos;]//td[text()=&apos;Cat_Chef_Server&apos;]/following-sibling::td//*[@title=&apos;Delete&apos;]}" type="junit.framework.AssertionFailedError">junit.framework.AssertionFailedError: Unable to locate element: {&quot;method&quot;:&quot;xpath&quot;,&quot;selector&quot;:&quot;.//*[@id=&apos;envtable&apos;]//td[text()=&apos;Cat_Chef_Server&apos;]/following-sibling::td//*[@title=&apos;Delete&apos;]&quot;}
For documentation on this error, please visit: http://seleniumhq.org/exceptions/no_such_element.html
Build info: version: &apos;2.53.1&apos;, revision: &apos;a36b8b1&apos;, time: &apos;2016-06-30 17:37:03&apos;
System info: host: &apos;chef&apos;, ip: &apos;127.0.1.1&apos;, os.name: &apos;Linux&apos;, os.arch: &apos;i386&apos;, os.version: &apos;3.13.0-83-generic&apos;, java.version: &apos;1.8.0_74&apos;
Driver info: driver.version: unknown
Command duration or timeout: 40.31 seconds
For documentation on this error, please visit: http://seleniumhq.org/exceptions/no_such_element.html
Build info: version: &apos;2.53.1&apos;, revision: &apos;a36b8b1cd5757287168e54b817830adce9b0158d&apos;, time: &apos;2016-06-30 19:26:09&apos;
System info: host: &apos;RLE0372&apos;, ip: &apos;192.168.152.153&apos;, os.name: &apos;Windows 7&apos;, os.arch: &apos;amd64&apos;, os.version: &apos;6.1&apos;, java.version: &apos;1.8.0_91&apos;
Driver info: org.openqa.selenium.remote.RemoteWebDriver
Capabilities [{applicationCacheEnabled=true, rotatable=false, hasMetadata=true, databaseEnabled=true, handlesAlerts=true, version=45.0, platform=LINUX, nativeEvents=false, acceptSslCerts=true, webdriver.remote.sessionid=055ec6c3e6514a7e826a07fd7ed5a1d2, locationContextEnabled=true, webStorageEnabled=true, takesScreenshot=true, browserName=firefox, javascriptEnabled=true, cssSelectorsEnabled=true}]
Session ID: 055ec6c3e6514a7e826a07fd7ed5a1d2
*** Element info: {Using=xpath, value=.//*[@id=&apos;envtable&apos;]//td[text()=&apos;Cat_Chef_Server&apos;]/following-sibling::td//*[@title=&apos;Delete&apos;]}
	at junit.framework.Assert.fail(Assert.java:57)
	at junit.framework.TestCase.fail(TestCase.java:227)
	at com.rl.qa.views.ChefServerSetupViews.chefServerEditButton(ChefServerSetupViews.java:98)
	at com.rl.qa.steps.ChefServerSetupSteps.iSelectTheAndClickOnCorrespondingButton(ChefServerSetupSteps.java:51)
	at ✽.And I select the &quot;Cat_Chef_Server&quot; and click on corresponding &quot;Delete&quot; Button(src/test/resources/catalyst/settings/orgsetup/CreateEditDelEnvByCreatingNewEnv.feature:70)
</failure>
  </testcase>
  <testcase classname="| Cat_Chef_Server |" name="| Cat_Chef_Server |" time="0.001">
    <failure message="Unable to locate element: {&quot;method&quot;:&quot;xpath&quot;,&quot;selector&quot;:&quot;.//*[@id=&apos;envtable&apos;]//td[text()=&apos;Cat_Chef_Server&apos;]/following-sibling::td//*[@title=&apos;Delete&apos;]&quot;}
For documentation on this error, please visit: http://seleniumhq.org/exceptions/no_such_element.html
Build info: version: &apos;2.53.1&apos;, revision: &apos;a36b8b1&apos;, time: &apos;2016-06-30 17:37:03&apos;
System info: host: &apos;chef&apos;, ip: &apos;127.0.1.1&apos;, os.name: &apos;Linux&apos;, os.arch: &apos;i386&apos;, os.version: &apos;3.13.0-83-generic&apos;, java.version: &apos;1.8.0_74&apos;
Driver info: driver.version: unknown
Command duration or timeout: 40.31 seconds
For documentation on this error, please visit: http://seleniumhq.org/exceptions/no_such_element.html
Build info: version: &apos;2.53.1&apos;, revision: &apos;a36b8b1cd5757287168e54b817830adce9b0158d&apos;, time: &apos;2016-06-30 19:26:09&apos;
System info: host: &apos;RLE0372&apos;, ip: &apos;192.168.152.153&apos;, os.name: &apos;Windows 7&apos;, os.arch: &apos;amd64&apos;, os.version: &apos;6.1&apos;, java.version: &apos;1.8.0_91&apos;
Driver info: org.openqa.selenium.remote.RemoteWebDriver
Capabilities [{applicationCacheEnabled=true, rotatable=false, hasMetadata=true, databaseEnabled=true, handlesAlerts=true, version=45.0, platform=LINUX, nativeEvents=false, acceptSslCerts=true, webdriver.remote.sessionid=055ec6c3e6514a7e826a07fd7ed5a1d2, locationContextEnabled=true, webStorageEnabled=true, takesScreenshot=true, browserName=firefox, javascriptEnabled=true, cssSelectorsEnabled=true}]
Session ID: 055ec6c3e6514a7e826a07fd7ed5a1d2
*** Element info: {Using=xpath, value=.//*[@id=&apos;envtable&apos;]//td[text()=&apos;Cat_Chef_Server&apos;]/following-sibling::td//*[@title=&apos;Delete&apos;]}" type="junit.framework.AssertionFailedError">junit.framework.AssertionFailedError: Unable to locate element: {&quot;method&quot;:&quot;xpath&quot;,&quot;selector&quot;:&quot;.//*[@id=&apos;envtable&apos;]//td[text()=&apos;Cat_Chef_Server&apos;]/following-sibling::td//*[@title=&apos;Delete&apos;]&quot;}
For documentation on this error, please visit: http://seleniumhq.org/exceptions/no_such_element.html
Build info: version: &apos;2.53.1&apos;, revision: &apos;a36b8b1&apos;, time: &apos;2016-06-30 17:37:03&apos;
System info: host: &apos;chef&apos;, ip: &apos;127.0.1.1&apos;, os.name: &apos;Linux&apos;, os.arch: &apos;i386&apos;, os.version: &apos;3.13.0-83-generic&apos;, java.version: &apos;1.8.0_74&apos;
Driver info: driver.version: unknown
Command duration or timeout: 40.31 seconds
For documentation on this error, please visit: http://seleniumhq.org/exceptions/no_such_element.html
Build info: version: &apos;2.53.1&apos;, revision: &apos;a36b8b1cd5757287168e54b817830adce9b0158d&apos;, time: &apos;2016-06-30 19:26:09&apos;
System info: host: &apos;RLE0372&apos;, ip: &apos;192.168.152.153&apos;, os.name: &apos;Windows 7&apos;, os.arch: &apos;amd64&apos;, os.version: &apos;6.1&apos;, java.version: &apos;1.8.0_91&apos;
Driver info: org.openqa.selenium.remote.RemoteWebDriver
Capabilities [{applicationCacheEnabled=true, rotatable=false, hasMetadata=true, databaseEnabled=true, handlesAlerts=true, version=45.0, platform=LINUX, nativeEvents=false, acceptSslCerts=true, webdriver.remote.sessionid=055ec6c3e6514a7e826a07fd7ed5a1d2, locationContextEnabled=true, webStorageEnabled=true, takesScreenshot=true, browserName=firefox, javascriptEnabled=true, cssSelectorsEnabled=true}]
Session ID: 055ec6c3e6514a7e826a07fd7ed5a1d2
*** Element info: {Using=xpath, value=.//*[@id=&apos;envtable&apos;]//td[text()=&apos;Cat_Chef_Server&apos;]/following-sibling::td//*[@title=&apos;Delete&apos;]}
	at junit.framework.Assert.fail(Assert.java:57)
	at junit.framework.TestCase.fail(TestCase.java:227)
	at com.rl.qa.views.ChefServerSetupViews.chefServerEditButton(ChefServerSetupViews.java:98)
	at com.rl.qa.steps.ChefServerSetupSteps.iSelectTheAndClickOnCorrespondingButton(ChefServerSetupSteps.java:51)
	at ✽.And I select the &quot;Cat_Chef_Server&quot; and click on corresponding &quot;Delete&quot; Button(src/test/resources/catalyst/settings/orgsetup/CreateEditDelEnvByCreatingNewEnv.feature:70)
</failure>
  </testcase>
  <testcase classname="| Cat_Chef_Server |" name="And I click on OK button" time="0.003">
    <skipped/>
  </testcase>
  <testcase classname="| Cat_Chef_Server |" name="And I verify the created environment is deleted" time="0.003">
    <skipped/>
  </testcase>
  <testcase classname="| Cat_Chef_Server |" name="And I click on &quot;Chef Server&quot; link" time="0"/>
  <testcase classname="| Cat_Chef_Server |" name="And I select the &quot;Cat_Chef_Server&quot; and click on corresponding &quot;Delete&quot; Button" time="0">
    <failure message="Unable to locate element: {&quot;method&quot;:&quot;xpath&quot;,&quot;selector&quot;:&quot;.//*[@id=&apos;envtable&apos;]//td[text()=&apos;Cat_Chef_Server&apos;]/following-sibling::td//*[@title=&apos;Delete&apos;]&quot;}
For documentation on this error, please visit: http://seleniumhq.org/exceptions/no_such_element.html
Build info: version: &apos;2.53.1&apos;, revision: &apos;a36b8b1&apos;, time: &apos;2016-06-30 17:37:03&apos;
System info: host: &apos;chef&apos;, ip: &apos;127.0.1.1&apos;, os.name: &apos;Linux&apos;, os.arch: &apos;i386&apos;, os.version: &apos;3.13.0-83-generic&apos;, java.version: &apos;1.8.0_74&apos;
Driver info: driver.version: unknown
Command duration or timeout: 40.27 seconds
For documentation on this error, please visit: http://seleniumhq.org/exceptions/no_such_element.html
Build info: version: &apos;2.53.1&apos;, revision: &apos;a36b8b1cd5757287168e54b817830adce9b0158d&apos;, time: &apos;2016-06-30 19:26:09&apos;
System info: host: &apos;RLE0372&apos;, ip: &apos;192.168.152.153&apos;, os.name: &apos;Windows 7&apos;, os.arch: &apos;amd64&apos;, os.version: &apos;6.1&apos;, java.version: &apos;1.8.0_91&apos;
Driver info: org.openqa.selenium.remote.RemoteWebDriver
Capabilities [{applicationCacheEnabled=true, rotatable=false, hasMetadata=true, databaseEnabled=true, handlesAlerts=true, version=45.0, platform=LINUX, nativeEvents=false, acceptSslCerts=true, webdriver.remote.sessionid=055ec6c3e6514a7e826a07fd7ed5a1d2, locationContextEnabled=true, webStorageEnabled=true, takesScreenshot=true, browserName=firefox, javascriptEnabled=true, cssSelectorsEnabled=true}]
Session ID: 055ec6c3e6514a7e826a07fd7ed5a1d2
*** Element info: {Using=xpath, value=.//*[@id=&apos;envtable&apos;]//td[text()=&apos;Cat_Chef_Server&apos;]/following-sibling::td//*[@title=&apos;Delete&apos;]}" type="junit.framework.AssertionFailedError">junit.framework.AssertionFailedError: Unable to locate element: {&quot;method&quot;:&quot;xpath&quot;,&quot;selector&quot;:&quot;.//*[@id=&apos;envtable&apos;]//td[text()=&apos;Cat_Chef_Server&apos;]/following-sibling::td//*[@title=&apos;Delete&apos;]&quot;}
For documentation on this error, please visit: http://seleniumhq.org/exceptions/no_such_element.html
Build info: version: &apos;2.53.1&apos;, revision: &apos;a36b8b1&apos;, time: &apos;2016-06-30 17:37:03&apos;
System info: host: &apos;chef&apos;, ip: &apos;127.0.1.1&apos;, os.name: &apos;Linux&apos;, os.arch: &apos;i386&apos;, os.version: &apos;3.13.0-83-generic&apos;, java.version: &apos;1.8.0_74&apos;
Driver info: driver.version: unknown
Command duration or timeout: 40.27 seconds
For documentation on this error, please visit: http://seleniumhq.org/exceptions/no_such_element.html
Build info: version: &apos;2.53.1&apos;, revision: &apos;a36b8b1cd5757287168e54b817830adce9b0158d&apos;, time: &apos;2016-06-30 19:26:09&apos;
System info: host: &apos;RLE0372&apos;, ip: &apos;192.168.152.153&apos;, os.name: &apos;Windows 7&apos;, os.arch: &apos;amd64&apos;, os.version: &apos;6.1&apos;, java.version: &apos;1.8.0_91&apos;
Driver info: org.openqa.selenium.remote.RemoteWebDriver
Capabilities [{applicationCacheEnabled=true, rotatable=false, hasMetadata=true, databaseEnabled=true, handlesAlerts=true, version=45.0, platform=LINUX, nativeEvents=false, acceptSslCerts=true, webdriver.remote.sessionid=055ec6c3e6514a7e826a07fd7ed5a1d2, locationContextEnabled=true, webStorageEnabled=true, takesScreenshot=true, browserName=firefox, javascriptEnabled=true, cssSelectorsEnabled=true}]
Session ID: 055ec6c3e6514a7e826a07fd7ed5a1d2
*** Element info: {Using=xpath, value=.//*[@id=&apos;envtable&apos;]//td[text()=&apos;Cat_Chef_Server&apos;]/following-sibling::td//*[@title=&apos;Delete&apos;]}
	at junit.framework.Assert.fail(Assert.java:57)
	at junit.framework.TestCase.fail(TestCase.java:227)
	at com.rl.qa.views.ChefServerSetupViews.chefServerEditButton(ChefServerSetupViews.java:98)
	at com.rl.qa.steps.ChefServerSetupSteps.iSelectTheAndClickOnCorrespondingButton(ChefServerSetupSteps.java:51)
	at ✽.And I select the &quot;Cat_Chef_Server&quot; and click on corresponding &quot;Delete&quot; Button(src/test/resources/catalyst/settings/orgsetup/CreateEditDelEnvByCreatingNewEnv.feature:80)
</failure>
  </testcase>
  <testcase classname="| Cat_Chef_Server |" name="| Cat_Chef_Server |" time="0">
    <failure message="Unable to locate element: {&quot;method&quot;:&quot;xpath&quot;,&quot;selector&quot;:&quot;.//*[@id=&apos;envtable&apos;]//td[text()=&apos;Cat_Chef_Server&apos;]/following-sibling::td//*[@title=&apos;Delete&apos;]&quot;}
For documentation on this error, please visit: http://seleniumhq.org/exceptions/no_such_element.html
Build info: version: &apos;2.53.1&apos;, revision: &apos;a36b8b1&apos;, time: &apos;2016-06-30 17:37:03&apos;
System info: host: &apos;chef&apos;, ip: &apos;127.0.1.1&apos;, os.name: &apos;Linux&apos;, os.arch: &apos;i386&apos;, os.version: &apos;3.13.0-83-generic&apos;, java.version: &apos;1.8.0_74&apos;
Driver info: driver.version: unknown
Command duration or timeout: 40.27 seconds
For documentation on this error, please visit: http://seleniumhq.org/exceptions/no_such_element.html
Build info: version: &apos;2.53.1&apos;, revision: &apos;a36b8b1cd5757287168e54b817830adce9b0158d&apos;, time: &apos;2016-06-30 19:26:09&apos;
System info: host: &apos;RLE0372&apos;, ip: &apos;192.168.152.153&apos;, os.name: &apos;Windows 7&apos;, os.arch: &apos;amd64&apos;, os.version: &apos;6.1&apos;, java.version: &apos;1.8.0_91&apos;
Driver info: org.openqa.selenium.remote.RemoteWebDriver
Capabilities [{applicationCacheEnabled=true, rotatable=false, hasMetadata=true, databaseEnabled=true, handlesAlerts=true, version=45.0, platform=LINUX, nativeEvents=false, acceptSslCerts=true, webdriver.remote.sessionid=055ec6c3e6514a7e826a07fd7ed5a1d2, locationContextEnabled=true, webStorageEnabled=true, takesScreenshot=true, browserName=firefox, javascriptEnabled=true, cssSelectorsEnabled=true}]
Session ID: 055ec6c3e6514a7e826a07fd7ed5a1d2
*** Element info: {Using=xpath, value=.//*[@id=&apos;envtable&apos;]//td[text()=&apos;Cat_Chef_Server&apos;]/following-sibling::td//*[@title=&apos;Delete&apos;]}" type="junit.framework.AssertionFailedError">junit.framework.AssertionFailedError: Unable to locate element: {&quot;method&quot;:&quot;xpath&quot;,&quot;selector&quot;:&quot;.//*[@id=&apos;envtable&apos;]//td[text()=&apos;Cat_Chef_Server&apos;]/following-sibling::td//*[@title=&apos;Delete&apos;]&quot;}
For documentation on this error, please visit: http://seleniumhq.org/exceptions/no_such_element.html
Build info: version: &apos;2.53.1&apos;, revision: &apos;a36b8b1&apos;, time: &apos;2016-06-30 17:37:03&apos;
System info: host: &apos;chef&apos;, ip: &apos;127.0.1.1&apos;, os.name: &apos;Linux&apos;, os.arch: &apos;i386&apos;, os.version: &apos;3.13.0-83-generic&apos;, java.version: &apos;1.8.0_74&apos;
Driver info: driver.version: unknown
Command duration or timeout: 40.27 seconds
For documentation on this error, please visit: http://seleniumhq.org/exceptions/no_such_element.html
Build info: version: &apos;2.53.1&apos;, revision: &apos;a36b8b1cd5757287168e54b817830adce9b0158d&apos;, time: &apos;2016-06-30 19:26:09&apos;
System info: host: &apos;RLE0372&apos;, ip: &apos;192.168.152.153&apos;, os.name: &apos;Windows 7&apos;, os.arch: &apos;amd64&apos;, os.version: &apos;6.1&apos;, java.version: &apos;1.8.0_91&apos;
Driver info: org.openqa.selenium.remote.RemoteWebDriver
Capabilities [{applicationCacheEnabled=true, rotatable=false, hasMetadata=true, databaseEnabled=true, handlesAlerts=true, version=45.0, platform=LINUX, nativeEvents=false, acceptSslCerts=true, webdriver.remote.sessionid=055ec6c3e6514a7e826a07fd7ed5a1d2, locationContextEnabled=true, webStorageEnabled=true, takesScreenshot=true, browserName=firefox, javascriptEnabled=true, cssSelectorsEnabled=true}]
Session ID: 055ec6c3e6514a7e826a07fd7ed5a1d2
*** Element info: {Using=xpath, value=.//*[@id=&apos;envtable&apos;]//td[text()=&apos;Cat_Chef_Server&apos;]/following-sibling::td//*[@title=&apos;Delete&apos;]}
	at junit.framework.Assert.fail(Assert.java:57)
	at junit.framework.TestCase.fail(TestCase.java:227)
	at com.rl.qa.views.ChefServerSetupViews.chefServerEditButton(ChefServerSetupViews.java:98)
	at com.rl.qa.steps.ChefServerSetupSteps.iSelectTheAndClickOnCorrespondingButton(ChefServerSetupSteps.java:51)
	at ✽.And I select the &quot;Cat_Chef_Server&quot; and click on corresponding &quot;Delete&quot; Button(src/test/resources/catalyst/settings/orgsetup/CreateEditDelEnvByCreatingNewEnv.feature:80)
</failure>
  </testcase>
  <testcase classname="| Cat_Chef_Server |" name="And I click on OK button" time="0.001">
    <skipped/>
  </testcase>
  <testcase classname="| UAT_RL1 |" name="And I click on Organizations link in the settings tree" time="0"/>
  <testcase classname="| UAT_RL1 |" name="And I click on &quot;UAT_RL1&quot; delete button" time="0"/>
  <testcase classname="| UAT_RL1 |" name="And I click on OK button" time="0"/>
  <testcase classname="| UAT_RL1 |" name="| UAT_RL1 |" time="0.001"/>
  <testcase classname="Scenario: As a super user I sign out" name="And I Sign Out" time="0"/>
  <testcase classname="Scenario: As a super user I sign out" name="And I verify login page is displayed" time="0"/>
  <testcase classname="Scenario: As a super user I sign out" name="Scenario: As a super user I sign out" time="0"/>
</testsuite>